{
  "RSpec": {
    "coverage": {
      "/Users/andela/RubymineProjects/balu/config/environment.rb": [
        1,
        null,
        1,
        null,
        1,
        null,
        null,
        null,
        null,
        null,
        null,
        null,
        null
      ],
      "/Users/andela/RubymineProjects/balu/config/application.rb": [
        1,
        1,
        null,
        1,
        null,
        1,
        1,
        1,
        1,
        1,
        null,
        null
      ],
      "/Users/andela/RubymineProjects/balu/config/boot.rb": [
        1,
        null,
        1
      ],
      "/Users/andela/RubymineProjects/balu/config/environments/test.rb": [
        1,
        null,
        null,
        null,
        null,
        null,
        null,
        1,
        null,
        null,
        null,
        null,
        1,
        null,
        null,
        1,
        1,
        null,
        null,
        1,
        1,
        null,
        null,
        1,
        null,
        null,
        1,
        null,
        null,
        null,
        null,
        1,
        null,
        null,
        1,
        null,
        null,
        1,
        null,
        null,
        null,
        null
      ],
      "/Users/andela/RubymineProjects/balu/config/initializers/assets.rb": [
        1
      ],
      "/Users/andela/RubymineProjects/balu/config/initializers/backtrace_silencers.rb": [

      ],
      "/Users/andela/RubymineProjects/balu/config/initializers/cookies_serializer.rb": [
        null,
        null,
        1
      ],
      "/Users/andela/RubymineProjects/balu/config/initializers/devise.rb": [
        1,
        1,
        1,
        1,
        1,
        1,
        1,
        1,
        1,
        1,
        1,
        1,
        null
      ],
      "/Users/andela/RubymineProjects/balu/config/initializers/filter_parameter_logging.rb": [
        null,
        null,
        null,
        1
      ],
      "/Users/andela/RubymineProjects/balu/config/initializers/inflections.rb": [
        null,
        null,
        null,
        null,
        null,
        null,
        null,
        null,
        null,
        null,
        null,
        null,
        null,
        null,
        null,
        null
      ],
      "/Users/andela/RubymineProjects/balu/config/initializers/mime_types.rb": [
        null,
        null,
        null,
        null
      ],
      "/Users/andela/RubymineProjects/balu/config/initializers/session_store.rb": [
        null,
        null,
        1
      ],
      "/Users/andela/RubymineProjects/balu/config/initializers/wrap_parameters.rb": [
        1,
        1,
        null
      ],
      "/Users/andela/RubymineProjects/balu/spec/factories/airlines.rb": [
        1,
        1,
        1,
        1,
        1,
        null,
        null
      ],
      "/Users/andela/RubymineProjects/balu/spec/factories/airports.rb": [
        1,
        1,
        1,
        1,
        1,
        1,
        null,
        1,
        1,
        null,
        null,
        1,
        1,
        2,
        null,
        null,
        null
      ],
      "/Users/andela/RubymineProjects/balu/spec/factories/bookings.rb": [
        1,
        1,
        1,
        1,
        1,
        1,
        null,
        null,
        null,
        null,
        0,
        null,
        null,
        null,
        null,
        1,
        1,
        null,
        null
      ],
      "/Users/andela/RubymineProjects/balu/spec/factories/cities.rb": [
        1,
        1,
        1,
        1,
        null,
        1,
        1,
        null,
        null,
        null
      ],
      "/Users/andela/RubymineProjects/balu/spec/factories/countries.rb": [
        1,
        1,
        1,
        1,
        null,
        null
      ],
      "/Users/andela/RubymineProjects/balu/spec/factories/flights.rb": [
        1,
        1,
        2,
        2,
        1,
        1,
        1,
        1,
        null,
        1,
        1,
        1,
        null,
        null,
        1,
        1,
        1,
        null,
        null,
        1,
        1,
        null,
        null,
        null
      ],
      "/Users/andela/RubymineProjects/balu/spec/factories/passengers.rb": [
        1,
        1,
        0,
        null,
        null,
        1,
        1,
        1,
        1,
        1,
        null,
        null
      ],
      "/Users/andela/RubymineProjects/balu/spec/factories/planes.rb": [
        1,
        1,
        1,
        1,
        1,
        1,
        null,
        null
      ],
      "/Users/andela/RubymineProjects/balu/spec/factories/states.rb": [
        1,
        1,
        1,
        1,
        null,
        null
      ],
      "/Users/andela/RubymineProjects/balu/spec/factories/users.rb": [
        1,
        1,
        1,
        1,
        null,
        null
      ],
      "/Users/andela/RubymineProjects/balu/config/routes.rb": [
        1,
        1,
        1,
        1,
        1,
        1,
        1,
        null
      ],
      "/Users/andela/RubymineProjects/balu/app/models/user.rb": [
        1,
        null,
        null,
        1,
        null,
        1,
        null
      ],
      "/Users/andela/RubymineProjects/balu/spec/support/controller_helpers.rb": [
        1,
        1,
        0,
        0,
        null,
        null,
        0,
        null,
        0,
        0,
        null,
        null,
        null
      ],
      "/Users/andela/RubymineProjects/balu/spec/features/user_manage_profile_spec.rb": [
        1,
        null,
        1,
        1,
        null,
        1,
        1,
        null,
        null,
        1,
        0,
        0,
        0,
        null,
        null,
        1,
        0,
        0,
        0,
        0,
        0,
        0,
        0,
        0,
        0,
        0,
        0,
        0,
        0,
        0,
        0,
        0,
        0,
        null,
        null,
        1,
        0,
        0,
        0,
        0,
        0,
        0,
        0,
        null,
        null,
        1,
        1,
        1,
        1,
        1,
        1,
        1,
        null,
        null,
        1,
        0,
        0,
        0,
        0,
        0,
        0,
        0,
        0,
        0,
        0,
        0,
        0,
        0,
        0,
        0,
        null,
        null
      ],
      "/Users/andela/RubymineProjects/balu/spec/rails_helper.rb": [
        1,
        1,
        1,
        0,
        null,
        1,
        1,
        null,
        1,
        null,
        1,
        1,
        1,
        1,
        1,
        1,
        1,
        1,
        1,
        1,
        null,
        null,
        1,
        1,
        null,
        null,
        1,
        1,
        null,
        null,
        1,
        1,
        null,
        null,
        1,
        1,
        null,
        null
      ],
      "/Users/andela/RubymineProjects/balu/app/models/flight.rb": [
        1,
        1,
        1,
        1,
        1,
        1,
        1,
        1,
        null,
        1,
        0,
        0,
        null,
        null,
        0,
        null,
        0,
        null,
        null,
        null,
        1,
        1,
        null,
        null
      ],
      "/Users/andela/RubymineProjects/balu/app/models/airport.rb": [
        1,
        1,
        null
      ],
      "/Users/andela/RubymineProjects/balu/app/models/city.rb": [
        1,
        1,
        1,
        null
      ],
      "/Users/andela/RubymineProjects/balu/app/models/state.rb": [
        1,
        1,
        1,
        1,
        null
      ],
      "/Users/andela/RubymineProjects/balu/app/models/country.rb": [
        1,
        1,
        1,
        null
      ],
      "/Users/andela/RubymineProjects/balu/app/models/plane.rb": [
        1,
        1,
        1,
        null
      ],
      "/Users/andela/RubymineProjects/balu/app/models/airline.rb": [
        1,
        1,
        null
      ],
      "/Users/andela/RubymineProjects/balu/app/controllers/flights_controller.rb": [
        1,
        1,
        null,
        1,
        1,
        1,
        null,
        null,
        1,
        null,
        null,
        1,
        0,
        null,
        null,
        1,
        0,
        0,
        0,
        null,
        null,
        1,
        0,
        0,
        null,
        null,
        1,
        0,
        null,
        0,
        0,
        0,
        0,
        null,
        null,
        0,
        null,
        0,
        0,
        0,
        null,
        null,
        null,
        null,
        null,
        null,
        1,
        0,
        0,
        0,
        0,
        null,
        null,
        0,
        null,
        0,
        0,
        0,
        null,
        null,
        null,
        null,
        null,
        null,
        1,
        0,
        0,
        0,
        0,
        null,
        null,
        0,
        null,
        null,
        null,
        1,
        0,
        null,
        null,
        1,
        null,
        1,
        0,
        null,
        null,
        1,
        0,
        null,
        null
      ],
      "/Users/andela/RubymineProjects/balu/app/controllers/application_controller.rb": [
        1,
        null,
        null,
        1,
        null
      ]
    },
    "timestamp": 1460538977
  }
}
