{
  "RSpec": {
    "coverage": {
      "/Users/andela/RubymineProjects/balu/config/environment.rb": [
        1,
        null,
        1,
        null,
        1,
        null,
        null,
        null,
        null,
        null,
        null,
        null,
        null
      ],
      "/Users/andela/RubymineProjects/balu/config/application.rb": [
        1,
        1,
        null,
        1,
        null,
        1,
        1,
        1,
        1,
        1,
        null,
        null
      ],
      "/Users/andela/RubymineProjects/balu/config/boot.rb": [
        1,
        null,
        1
      ],
      "/Users/andela/RubymineProjects/balu/config/environments/test.rb": [
        1,
        null,
        null,
        null,
        null,
        null,
        null,
        1,
        null,
        null,
        null,
        null,
        1,
        null,
        null,
        1,
        1,
        null,
        null,
        1,
        1,
        null,
        null,
        1,
        null,
        null,
        1,
        null,
        null,
        null,
        null,
        1,
        null,
        null,
        1,
        null,
        null,
        1,
        null,
        null,
        null,
        null
      ],
      "/Users/andela/RubymineProjects/balu/config/initializers/assets.rb": [
        1
      ],
      "/Users/andela/RubymineProjects/balu/config/initializers/backtrace_silencers.rb": [

      ],
      "/Users/andela/RubymineProjects/balu/config/initializers/cookies_serializer.rb": [
        null,
        null,
        1
      ],
      "/Users/andela/RubymineProjects/balu/config/initializers/devise.rb": [
        1,
        1,
        1,
        1,
        1,
        1,
        1,
        1,
        1,
        1,
        1,
        1,
        null
      ],
      "/Users/andela/RubymineProjects/balu/config/initializers/filter_parameter_logging.rb": [
        null,
        null,
        null,
        1
      ],
      "/Users/andela/RubymineProjects/balu/config/initializers/inflections.rb": [
        null,
        null,
        null,
        null,
        null,
        null,
        null,
        null,
        null,
        null,
        null,
        null,
        null,
        null,
        null,
        null
      ],
      "/Users/andela/RubymineProjects/balu/config/initializers/mime_types.rb": [
        null,
        null,
        null,
        null
      ],
      "/Users/andela/RubymineProjects/balu/config/initializers/session_store.rb": [
        null,
        null,
        1
      ],
      "/Users/andela/RubymineProjects/balu/config/initializers/wrap_parameters.rb": [
        1,
        1,
        null
      ],
      "/Users/andela/RubymineProjects/balu/spec/factories/airlines.rb": [
        1,
        1,
        1,
        1,
        1,
        null,
        null
      ],
      "/Users/andela/RubymineProjects/balu/spec/factories/airports.rb": [
        1,
        1,
        1,
        1,
        1,
        1,
        null,
        1,
        1,
        null,
        null,
        1,
        1,
        null,
        null,
        null
      ],
      "/Users/andela/RubymineProjects/balu/spec/factories/bookings.rb": [
        1,
        1,
        1,
        1,
        1,
        null,
        null,
        1,
        1,
        null,
        null
      ],
      "/Users/andela/RubymineProjects/balu/spec/factories/cities.rb": [
        1,
        1,
        1,
        1,
        null,
        null
      ],
      "/Users/andela/RubymineProjects/balu/spec/factories/countries.rb": [
        1,
        1,
        1,
        1,
        null,
        null
      ],
      "/Users/andela/RubymineProjects/balu/spec/factories/flights.rb": [
        1,
        1,
        45,
        45,
        1,
        1,
        1,
        1,
        null,
        1,
        1,
        1,
        null,
        null,
        1,
        1,
        1,
        null,
        null,
        null
      ],
      "/Users/andela/RubymineProjects/balu/spec/factories/passengers.rb": [
        1,
        1,
        1,
        1,
        1,
        1,
        1,
        null,
        null
      ],
      "/Users/andela/RubymineProjects/balu/spec/factories/planes.rb": [
        1,
        1,
        1,
        1,
        1,
        1,
        null,
        null
      ],
      "/Users/andela/RubymineProjects/balu/spec/factories/states.rb": [
        1,
        1,
        1,
        1,
        null,
        null
      ],
      "/Users/andela/RubymineProjects/balu/spec/factories/users.rb": [
        1,
        1,
        1,
        1,
        null,
        null
      ],
      "/Users/andela/RubymineProjects/balu/config/routes.rb": [
        1,
        1,
        1,
        1,
        1,
        1,
        1,
        null
      ],
      "/Users/andela/RubymineProjects/balu/app/models/user.rb": [
        1,
        null,
        null,
        1,
        null,
        1,
        null
      ],
      "/Users/andela/RubymineProjects/balu/spec/support/controller_helpers.rb": [
        1,
        1,
        0,
        0,
        null,
        null,
        0,
        null,
        0,
        0,
        null,
        null,
        null
      ],
      "/Users/andela/RubymineProjects/balu/spec/controllers/bookings_controller_spec.rb": [
        1,
        null,
        1,
        6,
        1,
        1,
        null,
        1,
        null,
        null,
        null,
        null,
        null,
        null,
        null,
        1,
        1,
        1,
        1,
        null,
        null,
        null,
        null,
        1,
        1,
        1,
        1,
        null,
        null,
        null,
        null,
        1,
        1,
        1,
        1,
        null,
        null,
        null,
        null,
        1,
        3,
        3,
        null,
        1,
        1,
        1,
        1,
        1,
        null,
        null,
        null,
        1,
        1,
        1,
        1,
        1,
        null,
        null,
        null,
        null,
        null,
        null,
        null,
        null,
        1,
        1,
        1,
        1,
        null,
        null,
        1,
        1,
        1,
        null,
        null,
        null,
        null,
        1,
        2,
        2,
        null,
        1,
        null,
        null,
        null,
        null,
        null,
        null,
        null,
        1,
        1,
        1,
        1,
        null,
        null,
        null,
        null,
        null,
        null,
        null,
        null,
        null,
        1,
        1,
        1,
        1,
        null,
        null,
        null,
        null,
        null,
        null,
        null,
        null,
        null,
        1,
        1,
        1,
        1,
        1,
        null,
        null,
        null,
        1,
        1,
        1,
        1,
        null,
        null,
        null
      ],
      "/Users/andela/RubymineProjects/balu/spec/rails_helper.rb": [
        1,
        1,
        1,
        0,
        null,
        1,
        1,
        null,
        1,
        null,
        1,
        1,
        1,
        1,
        1,
        1,
        1,
        1,
        1,
        1,
        null,
        null,
        1,
        79,
        null,
        null,
        1,
        8,
        null,
        null,
        1,
        19,
        null,
        null,
        1,
        19,
        null,
        null
      ],
      "/Users/andela/RubymineProjects/balu/app/controllers/bookings_controller.rb": [
        1,
        1,
        null,
        1,
        2,
        2,
        2,
        null,
        0,
        null,
        null,
        null,
        1,
        null,
        null,
        1,
        2,
        2,
        null,
        null,
        1,
        6,
        6,
        null,
        null,
        1,
        2,
        2,
        null,
        null,
        1,
        8,
        8,
        8,
        6,
        6,
        6,
        null,
        null,
        6,
        null,
        4,
        2,
        0,
        null,
        null,
        null,
        null,
        null,
        null,
        1,
        6,
        6,
        4,
        null,
        null,
        null,
        1,
        3,
        3,
        3,
        2,
        2,
        null,
        null,
        2,
        null,
        2,
        1,
        0,
        null,
        null,
        null,
        null,
        null,
        null,
        1,
        2,
        2,
        2,
        2,
        null,
        null,
        2,
        null,
        null,
        null,
        1,
        2,
        null,
        null,
        1,
        null,
        1,
        13,
        null,
        null,
        1,
        11,
        null,
        null,
        null,
        null,
        null,
        null
      ],
      "/Users/andela/RubymineProjects/balu/app/controllers/application_controller.rb": [
        1,
        null,
        null,
        1,
        null
      ],
      "/Users/andela/RubymineProjects/balu/spec/controllers/flights_controller_spec.rb": [
        1,
        null,
        1,
        4,
        null,
        1,
        null,
        1,
        1,
        1,
        1,
        null,
        null,
        null,
        1,
        1,
        1,
        1,
        null,
        null,
        null,
        1,
        1,
        1,
        1,
        null,
        null,
        null,
        1,
        1,
        1,
        1,
        null,
        null,
        null,
        1,
        4,
        1,
        null,
        1,
        3,
        3,
        null,
        null,
        1,
        1,
        1,
        1,
        null,
        null,
        null,
        1,
        1,
        1,
        1,
        null,
        null,
        1,
        1,
        1,
        null,
        null,
        null,
        null,
        null,
        null,
        null,
        null,
        null,
        null,
        null,
        null,
        null,
        null,
        null,
        null,
        1,
        5,
        4,
        2,
        1,
        1,
        3,
        3,
        null,
        1,
        1,
        1,
        1,
        null,
        null,
        1,
        1,
        1,
        null,
        null,
        1,
        1,
        1,
        null,
        null,
        null,
        1,
        1,
        1,
        1,
        null,
        null,
        null,
        null,
        null,
        null,
        null,
        null,
        null,
        1,
        1,
        1,
        1,
        1,
        null,
        null,
        null,
        1,
        1,
        1,
        1,
        null,
        null,
        null
      ],
      "/Users/andela/RubymineProjects/balu/app/controllers/flights_controller.rb": [
        1,
        1,
        null,
        1,
        15,
        15,
        null,
        null,
        1,
        1,
        1,
        null,
        null,
        1,
        2,
        null,
        null,
        1,
        1,
        1,
        1,
        null,
        null,
        1,
        1,
        1,
        null,
        null,
        1,
        3,
        null,
        3,
        3,
        3,
        3,
        null,
        null,
        3,
        null,
        0,
        0,
        0,
        null,
        null,
        null,
        null,
        null,
        null,
        1,
        4,
        4,
        4,
        4,
        null,
        null,
        4,
        null,
        0,
        0,
        0,
        null,
        null,
        null,
        null,
        null,
        null,
        1,
        2,
        2,
        2,
        2,
        null,
        null,
        2,
        null,
        null,
        null,
        1,
        2,
        null,
        null,
        1,
        null,
        1,
        8,
        null,
        null,
        1,
        7,
        null,
        null
      ],
      "/Users/andela/RubymineProjects/balu/spec/decorators/flight_decorator_spec.rb": [
        1,
        null,
        1,
        null
      ],
      "/Users/andela/RubymineProjects/balu/app/decorators/flight_decorator.rb": [
        1,
        1,
        null
      ],
      "/Users/andela/RubymineProjects/balu/app/models/flight.rb": [
        1,
        1,
        1,
        1,
        1,
        1,
        null,
        1,
        2,
        2,
        null,
        null,
        2,
        null,
        0,
        null,
        null,
        null,
        1,
        17,
        null,
        null
      ],
      "/Users/andela/RubymineProjects/balu/spec/features/book_flight_spec.rb": [
        1,
        null,
        1,
        1,
        1,
        null,
        null,
        1,
        1,
        1,
        null,
        null,
        1,
        1,
        1,
        1,
        1,
        1,
        1,
        null,
        null,
        1,
        1,
        1,
        1,
        1,
        1,
        1,
        1,
        1,
        1,
        1,
        1,
        1,
        null,
        null
      ],
      "/Users/andela/RubymineProjects/balu/spec/features/manage_booking_spec.rb": [
        1,
        null,
        1,
        2,
        1,
        1,
        null,
        null,
        1,
        1,
        1,
        1,
        1,
        1,
        1,
        1,
        1,
        1,
        1,
        1,
        1,
        1,
        1,
        1,
        1,
        1,
        null,
        null,
        1,
        1,
        1,
        1,
        1,
        1,
        null,
        null,
        1,
        1,
        1,
        1,
        1,
        null,
        null
      ],
      "/Users/andela/RubymineProjects/balu/spec/features/search_flight_spec.rb": [
        1,
        null,
        1,
        1,
        1,
        null,
        null,
        1,
        1,
        1,
        null,
        null,
        1,
        1,
        1,
        1,
        1,
        1,
        1,
        1,
        null,
        null,
        1,
        1,
        1,
        1,
        1,
        null,
        1,
        1,
        1,
        null,
        null
      ],
      "/Users/andela/RubymineProjects/balu/spec/features/user_manage_profile_spec.rb": [
        1,
        null,
        1,
        1,
        1,
        1,
        null,
        null,
        1,
        1,
        1,
        1,
        1,
        1,
        1,
        1,
        1,
        1,
        1,
        1,
        1,
        1,
        1,
        1,
        1,
        1,
        null,
        null,
        1,
        1,
        1,
        1,
        1,
        1,
        1,
        1,
        1,
        1,
        1,
        1,
        1,
        1,
        1,
        1,
        1,
        null,
        null
      ],
      "/Users/andela/RubymineProjects/balu/spec/mailers/booking_mailer_spec.rb": [
        1,
        null,
        1,
        null
      ],
      "/Users/andela/RubymineProjects/balu/app/mailers/booking_mailer.rb": [
        1,
        1,
        4,
        4,
        4,
        4,
        null,
        null
      ],
      "/Users/andela/RubymineProjects/balu/app/mailers/application_mailer.rb": [
        1,
        1,
        1,
        null
      ],
      "/Users/andela/RubymineProjects/balu/spec/models/airline_spec.rb": [
        1,
        null,
        1,
        1,
        1,
        null,
        null,
        3,
        2,
        2,
        null
      ],
      "/Users/andela/RubymineProjects/balu/app/models/airline.rb": [
        1,
        1,
        null
      ],
      "/Users/andela/RubymineProjects/balu/spec/models/airport_spec.rb": [
        1,
        null,
        1,
        1,
        1,
        null,
        null,
        3,
        null,
        2,
        2,
        null
      ],
      "/Users/andela/RubymineProjects/balu/app/models/airport.rb": [
        1,
        1,
        null
      ],
      "/Users/andela/RubymineProjects/balu/spec/models/booking_spec.rb": [
        1,
        null,
        1,
        1,
        1,
        null,
        null,
        4,
        null,
        2,
        2,
        2,
        null,
        1,
        null
      ],
      "/Users/andela/RubymineProjects/balu/app/models/booking.rb": [
        1,
        1,
        1,
        1,
        1,
        null,
        null,
        null,
        1,
        null,
        1,
        null,
        1,
        2,
        null,
        null,
        1,
        22,
        198,
        null,
        null,
        1,
        22,
        null,
        null
      ],
      "/Users/andela/RubymineProjects/balu/spec/models/city_spec.rb": [
        1,
        null,
        1,
        1,
        1,
        null,
        null,
        4,
        null,
        2,
        2,
        2,
        null
      ],
      "/Users/andela/RubymineProjects/balu/app/models/city.rb": [
        1,
        1,
        1,
        null
      ],
      "/Users/andela/RubymineProjects/balu/spec/models/country_spec.rb": [
        1,
        null,
        1,
        1,
        1,
        null,
        null,
        2,
        null,
        2,
        null
      ],
      "/Users/andela/RubymineProjects/balu/app/models/country.rb": [
        1,
        1,
        1,
        null
      ],
      "/Users/andela/RubymineProjects/balu/spec/models/flight_spec.rb": [
        1,
        null,
        1,
        1,
        1,
        null,
        null,
        6,
        null,
        2,
        2,
        2,
        2,
        2,
        null
      ],
      "/Users/andela/RubymineProjects/balu/spec/models/passenger_spec.rb": [
        1,
        null,
        1,
        1,
        1,
        null,
        null,
        2,
        null,
        2,
        null
      ],
      "/Users/andela/RubymineProjects/balu/app/models/passenger.rb": [
        1,
        1,
        null,
        1,
        1,
        null,
        null
      ],
      "/Users/andela/RubymineProjects/balu/spec/models/plane_spec.rb": [
        1,
        null,
        1,
        1,
        1,
        null,
        null,
        2,
        null,
        2,
        null
      ],
      "/Users/andela/RubymineProjects/balu/app/models/plane.rb": [
        1,
        1,
        1,
        null
      ],
      "/Users/andela/RubymineProjects/balu/spec/models/state_spec.rb": [
        1,
        null,
        1,
        1,
        1,
        null,
        null,
        2,
        null,
        2,
        null
      ],
      "/Users/andela/RubymineProjects/balu/app/models/state.rb": [
        1,
        1,
        1,
        1,
        null
      ],
      "/Users/andela/RubymineProjects/balu/spec/models/user_spec.rb": [
        1,
        null,
        1,
        1,
        1,
        null,
        null,
        2,
        null,
        2,
        null
      ],
      "/Users/andela/RubymineProjects/balu/spec/requests/bookings_spec.rb": [
        1,
        null,
        1,
        null
      ],
      "/Users/andela/RubymineProjects/balu/spec/requests/flights_spec.rb": [
        1,
        null,
        1,
        1,
        1,
        1,
        1,
        null,
        null,
        null
      ],
      "/Users/andela/RubymineProjects/balu/spec/routing/bookings_routing_spec.rb": [
        1,
        null,
        1,
        1,
        1,
        1,
        null,
        null,
        1,
        1,
        null,
        null,
        1,
        1,
        null,
        null,
        1,
        1,
        null,
        null,
        1,
        1,
        null,
        null,
        null
      ],
      "/Users/andela/RubymineProjects/balu/spec/routing/flights_routing_spec.rb": [
        1,
        null,
        1,
        1,
        1,
        1,
        null,
        null,
        1,
        1,
        null,
        null,
        1,
        1,
        null,
        null,
        1,
        1,
        null,
        null,
        1,
        1,
        null,
        null,
        1,
        1,
        null,
        null,
        1,
        1,
        null,
        null,
        1,
        1,
        null,
        null,
        null
      ]
    },
    "timestamp": 1459929387
  }
}
